[INFO] [2017-06-22 23:01:15][org.springframework.beans.factory.xml.XmlBeanDefinitionReader]Loading XML bean definitions from class path resource [spring-mybatis.xml]
  [INFO] [2017-06-22 23:01:16][org.springframework.context.support.GenericApplicationContext]Refreshing org.springframework.context.support.GenericApplicationContext@33e17fc: startup date [Thu Jun 22 23:01:16 CST 2017]; root of context hierarchy
  [INFO] [2017-06-22 23:01:16][org.springframework.beans.factory.config.PropertyPlaceholderConfigurer]Loading properties file from class path resource [jdbc.properties]
  [INFO] [2017-06-22 23:01:16][org.springframework.beans.factory.annotation.AutowiredAnnotationBeanPostProcessor]JSR-330 'javax.inject.Inject' annotation found and supported for autowiring
  [INFO] [2017-06-22 23:01:16][org.springframework.context.support.GenericApplicationContext]Closing org.springframework.context.support.GenericApplicationContext@33e17fc: startup date [Thu Jun 22 23:01:16 CST 2017]; root of context hierarchy
  [INFO] [2017-06-22 23:07:44][org.springframework.beans.factory.xml.XmlBeanDefinitionReader]Loading XML bean definitions from class path resource [spring-mybatis.xml]
  [INFO] [2017-06-22 23:07:45][org.springframework.context.support.GenericApplicationContext]Refreshing org.springframework.context.support.GenericApplicationContext@33e17fc: startup date [Thu Jun 22 23:07:45 CST 2017]; root of context hierarchy
  [INFO] [2017-06-22 23:07:45][org.springframework.beans.factory.config.PropertyPlaceholderConfigurer]Loading properties file from class path resource [jdbc.properties]
  [INFO] [2017-06-22 23:07:45][org.springframework.beans.factory.annotation.AutowiredAnnotationBeanPostProcessor]JSR-330 'javax.inject.Inject' annotation found and supported for autowiring
  [INFO] [2017-06-22 23:07:45][org.springframework.context.support.GenericApplicationContext]Closing org.springframework.context.support.GenericApplicationContext@33e17fc: startup date [Thu Jun 22 23:07:45 CST 2017]; root of context hierarchy
  [INFO] [2017-06-22 23:08:04][org.springframework.beans.factory.xml.XmlBeanDefinitionReader]Loading XML bean definitions from class path resource [spring-mybatis.xml]
  [INFO] [2017-06-22 23:08:04][org.springframework.context.support.GenericApplicationContext]Refreshing org.springframework.context.support.GenericApplicationContext@66838fd6: startup date [Thu Jun 22 23:08:04 CST 2017]; root of context hierarchy
  [INFO] [2017-06-22 23:08:05][org.springframework.beans.factory.config.PropertyPlaceholderConfigurer]Loading properties file from class path resource [jdbc.properties]
  [INFO] [2017-06-22 23:08:05][org.springframework.beans.factory.annotation.AutowiredAnnotationBeanPostProcessor]JSR-330 'javax.inject.Inject' annotation found and supported for autowiring
  [INFO] [2017-06-22 23:08:05][org.springframework.context.support.GenericApplicationContext]Closing org.springframework.context.support.GenericApplicationContext@66838fd6: startup date [Thu Jun 22 23:08:04 CST 2017]; root of context hierarchy
  [INFO] [2017-06-22 23:09:15][org.springframework.beans.factory.xml.XmlBeanDefinitionReader]Loading XML bean definitions from class path resource [spring-mybatis.xml]
  [INFO] [2017-06-22 23:09:16][org.springframework.context.support.GenericApplicationContext]Refreshing org.springframework.context.support.GenericApplicationContext@6198a30d: startup date [Thu Jun 22 23:09:16 CST 2017]; root of context hierarchy
  [INFO] [2017-06-22 23:09:16][org.springframework.beans.factory.config.PropertyPlaceholderConfigurer]Loading properties file from class path resource [jdbc.properties]
  [INFO] [2017-06-22 23:09:16][org.springframework.beans.factory.annotation.AutowiredAnnotationBeanPostProcessor]JSR-330 'javax.inject.Inject' annotation found and supported for autowiring
  [INFO] [2017-06-22 23:09:16][org.springframework.context.support.GenericApplicationContext]Closing org.springframework.context.support.GenericApplicationContext@6198a30d: startup date [Thu Jun 22 23:09:16 CST 2017]; root of context hierarchy
  [INFO] [2017-06-22 23:13:00][org.springframework.beans.factory.xml.XmlBeanDefinitionReader]Loading XML bean definitions from class path resource [spring-mybatis.xml]
  [INFO] [2017-06-22 23:13:01][org.springframework.context.support.GenericApplicationContext]Refreshing org.springframework.context.support.GenericApplicationContext@6aa91761: startup date [Thu Jun 22 23:13:01 CST 2017]; root of context hierarchy
  [INFO] [2017-06-22 23:13:01][org.springframework.beans.factory.config.PropertyPlaceholderConfigurer]Loading properties file from class path resource [jdbc.properties]
  [INFO] [2017-06-22 23:13:01][org.springframework.beans.factory.annotation.AutowiredAnnotationBeanPostProcessor]JSR-330 'javax.inject.Inject' annotation found and supported for autowiring
  [INFO] [2017-06-22 23:13:01][org.springframework.context.support.GenericApplicationContext]Closing org.springframework.context.support.GenericApplicationContext@6aa91761: startup date [Thu Jun 22 23:13:01 CST 2017]; root of context hierarchy
  [INFO] [2017-06-23 10:36:21][org.springframework.beans.factory.xml.XmlBeanDefinitionReader]Loading XML bean definitions from class path resource [spring-mybatis.xml]
  [INFO] [2017-06-23 10:36:21][org.springframework.context.support.GenericApplicationContext]Refreshing org.springframework.context.support.GenericApplicationContext@33e17fc: startup date [Fri Jun 23 10:36:21 CST 2017]; root of context hierarchy
  [INFO] [2017-06-23 10:36:21][org.springframework.beans.factory.config.PropertyPlaceholderConfigurer]Loading properties file from class path resource [jdbc.properties]
  [INFO] [2017-06-23 10:36:21][org.springframework.beans.factory.annotation.AutowiredAnnotationBeanPostProcessor]JSR-330 'javax.inject.Inject' annotation found and supported for autowiring
  [INFO] [2017-06-23 10:36:22][TestMyBatis]{"age":24,"id":1,"password":"sfasgfaf","userName":"测试"}
  [INFO] [2017-06-23 10:36:22][org.springframework.context.support.GenericApplicationContext]Closing org.springframework.context.support.GenericApplicationContext@33e17fc: startup date [Fri Jun 23 10:36:21 CST 2017]; root of context hierarchy
  [INFO] [2018-08-16 14:11:09][org.springframework.beans.factory.xml.XmlBeanDefinitionReader]Loading XML bean definitions from class path resource [spring-mybatis.xml]
  [INFO] [2018-08-16 14:11:10][org.springframework.context.support.GenericApplicationContext]Refreshing org.springframework.context.support.GenericApplicationContext@7ca48474: startup date [Thu Aug 16 14:11:10 CST 2018]; root of context hierarchy
  [INFO] [2018-08-16 14:11:10][org.springframework.beans.factory.config.PropertyPlaceholderConfigurer]Loading properties file from class path resource [jdbc.properties]
  [INFO] [2018-08-16 14:11:10][org.springframework.beans.factory.annotation.AutowiredAnnotationBeanPostProcessor]JSR-330 'javax.inject.Inject' annotation found and supported for autowiring
  [INFO] [2018-08-16 14:11:11][org.springframework.context.support.GenericApplicationContext]Closing org.springframework.context.support.GenericApplicationContext@7ca48474: startup date [Thu Aug 16 14:11:10 CST 2018]; root of context hierarchy
  